Started GET "/" for 127.0.0.1 at 2023-05-11 20:37:20 +0300
  [1m[36mActiveRecord::SchemaMigration Pluck (0.5ms)[0m  [1m[34mSELECT "schema_migrations"."version" FROM "schema_migrations" ORDER BY "schema_migrations"."version" ASC[0m
Processing by UsersController#index as HTML
  [1m[36mUser Load (2.4ms)[0m  [1m[34mSELECT "users".* FROM "users" WHERE "users"."id" = $1 ORDER BY "users"."id" ASC LIMIT $2[0m  [["id", 1], ["LIMIT", 1]]
  Rendering layout layouts/application.html.erb
  Rendering users/index.html.erb within layouts/application
  Rendered users/index.html.erb within layouts/application (Duration: 1.8ms | Allocations: 797)
  Rendered layout layouts/application.html.erb (Duration: 363.9ms | Allocations: 105596)
Completed 200 OK in 401ms (Views: 368.7ms | ActiveRecord: 6.9ms | Allocations: 121024)


Started DELETE "/users/sign_out" for 127.0.0.1 at 2023-05-11 20:37:24 +0300
Processing by Devise::SessionsController#destroy as TURBO_STREAM
  Parameters: {"authenticity_token"=>"[FILTERED]"}
  [1m[36mUser Load (0.3ms)[0m  [1m[34mSELECT "users".* FROM "users" WHERE "users"."id" = $1 ORDER BY "users"."id" ASC LIMIT $2[0m  [["id", 1], ["LIMIT", 1]]
Redirected to http://127.0.0.1:3000/
Completed 303 See Other in 11ms (ActiveRecord: 0.3ms | Allocations: 4625)


Started GET "/" for 127.0.0.1 at 2023-05-11 20:37:24 +0300
Processing by UsersController#index as TURBO_STREAM
Completed 401 Unauthorized in 2ms (ActiveRecord: 0.0ms | Allocations: 576)


Started GET "/users/sign_in" for 127.0.0.1 at 2023-05-11 20:37:24 +0300
Processing by Devise::SessionsController#new as TURBO_STREAM
  Rendering layout layouts/application.html.erb
  Rendering devise/sessions/new.html.erb within layouts/application
  Rendered devise/shared/_links.html.erb (Duration: 1.5ms | Allocations: 839)
  Rendered devise/sessions/new.html.erb within layouts/application (Duration: 9.2ms | Allocations: 3734)
  Rendered layout layouts/application.html.erb (Duration: 12.1ms | Allocations: 6530)
Completed 200 OK in 17ms (Views: 14.3ms | ActiveRecord: 0.0ms | Allocations: 8222)


Started POST "/users/sign_in" for 127.0.0.1 at 2023-05-11 20:37:28 +0300
Processing by Devise::SessionsController#create as TURBO_STREAM
  Parameters: {"authenticity_token"=>"[FILTERED]", "user"=>{"email"=>"new@gmail.com", "password"=>"[FILTERED]", "remember_me"=>"0"}, "commit"=>"Log in"}
  [1m[36mUser Load (0.4ms)[0m  [1m[34mSELECT "users".* FROM "users" WHERE "users"."email" = $1 ORDER BY "users"."id" ASC LIMIT $2[0m  [["email", "new@gmail.com"], ["LIMIT", 1]]
Redirected to http://127.0.0.1:3000/
Completed 303 See Other in 211ms (ActiveRecord: 0.4ms | Allocations: 4372)


Started GET "/" for 127.0.0.1 at 2023-05-11 20:37:28 +0300
Processing by UsersController#index as TURBO_STREAM
  [1m[36mUser Load (0.7ms)[0m  [1m[34mSELECT "users".* FROM "users" WHERE "users"."id" = $1 ORDER BY "users"."id" ASC LIMIT $2[0m  [["id", 1], ["LIMIT", 1]]
  Rendering layout layouts/application.html.erb
  Rendering users/index.html.erb within layouts/application
  Rendered users/index.html.erb within layouts/application (Duration: 0.7ms | Allocations: 272)
  Rendered layout layouts/application.html.erb (Duration: 4.9ms | Allocations: 2990)
Completed 200 OK in 26ms (Views: 5.5ms | ActiveRecord: 0.7ms | Allocations: 5036)


Started GET "/recipes" for 127.0.0.1 at 2023-05-11 20:37:33 +0300
  
SyntaxError (/Users/amanuelworku/Desktop/Microverse/Module 5/Cooks Corner/app/controllers/recipes_controller.rb:70: syntax error, unexpected `end', expecting end-of-input):
  
app/controllers/recipes_controller.rb:70: syntax error, unexpected `end', expecting end-of-input
app/controllers/recipes_controller.rb:70: syntax error, unexpected `end', expecting end-of-input
app/controllers/recipes_controller.rb:70: syntax error, unexpected `end', expecting end-of-input
Started GET "/recipes" for 127.0.0.1 at 2023-05-11 20:38:25 +0300
  
SyntaxError (/Users/amanuelworku/Desktop/Microverse/Module 5/Cooks Corner/app/controllers/recipes_controller.rb:70: syntax error, unexpected `end', expecting end-of-input):
  
app/controllers/recipes_controller.rb:70: syntax error, unexpected `end', expecting end-of-input
app/controllers/recipes_controller.rb:70: syntax error, unexpected `end', expecting end-of-input
app/controllers/recipes_controller.rb:70: syntax error, unexpected `end', expecting end-of-input
Started GET "/recipes" for 127.0.0.1 at 2023-05-11 20:39:04 +0300
  
SyntaxError (/Users/amanuelworku/Desktop/Microverse/Module 5/Cooks Corner/app/controllers/recipes_controller.rb:73: syntax error, unexpected `end', expecting end-of-input):
  
app/controllers/recipes_controller.rb:73: syntax error, unexpected `end', expecting end-of-input
app/controllers/recipes_controller.rb:73: syntax error, unexpected `end', expecting end-of-input
app/controllers/recipes_controller.rb:73: syntax error, unexpected `end', expecting end-of-input
Started GET "/recipes" for 127.0.0.1 at 2023-05-11 20:40:33 +0300
  
SyntaxError (/Users/amanuelworku/Desktop/Microverse/Module 5/Cooks Corner/app/controllers/recipes_controller.rb:73: syntax error, unexpected `end', expecting end-of-input):
  
app/controllers/recipes_controller.rb:73: syntax error, unexpected `end', expecting end-of-input
app/controllers/recipes_controller.rb:73: syntax error, unexpected `end', expecting end-of-input
app/controllers/recipes_controller.rb:73: syntax error, unexpected `end', expecting end-of-input
Started GET "/recipes" for 127.0.0.1 at 2023-05-11 20:40:36 +0300
  
SyntaxError (/Users/amanuelworku/Desktop/Microverse/Module 5/Cooks Corner/app/controllers/recipes_controller.rb:73: syntax error, unexpected `end', expecting end-of-input):
  
app/controllers/recipes_controller.rb:73: syntax error, unexpected `end', expecting end-of-input
app/controllers/recipes_controller.rb:73: syntax error, unexpected `end', expecting end-of-input
app/controllers/recipes_controller.rb:73: syntax error, unexpected `end', expecting end-of-input
Started GET "/recipes" for 127.0.0.1 at 2023-05-11 20:40:37 +0300
  
SyntaxError (/Users/amanuelworku/Desktop/Microverse/Module 5/Cooks Corner/app/controllers/recipes_controller.rb:73: syntax error, unexpected `end', expecting end-of-input):
  
app/controllers/recipes_controller.rb:73: syntax error, unexpected `end', expecting end-of-input
app/controllers/recipes_controller.rb:73: syntax error, unexpected `end', expecting end-of-input
app/controllers/recipes_controller.rb:73: syntax error, unexpected `end', expecting end-of-input
Started GET "/recipes" for 127.0.0.1 at 2023-05-11 20:40:47 +0300
Processing by RecipesController#index as HTML
  [1m[36mUser Load (15.7ms)[0m  [1m[34mSELECT "users".* FROM "users" WHERE "users"."id" = $1 ORDER BY "users"."id" ASC LIMIT $2[0m  [["id", 1], ["LIMIT", 1]]
Completed 500 Internal Server Error in 48ms (ActiveRecord: 20.7ms | Allocations: 9938)


  
NoMethodError (undefined method `recipes' for nil:NilClass

    @recipes = Recipe.public_recipes.or(current_user.recipes.where(public_recipe: false))
                                                    ^^^^^^^^):
  
app/controllers/recipes_controller.rb:7:in `index'
Started GET "/" for 127.0.0.1 at 2023-05-11 20:41:46 +0300
Processing by UsersController#index as HTML
  [1m[36mUser Load (0.3ms)[0m  [1m[34mSELECT "users".* FROM "users" WHERE "users"."id" = $1 ORDER BY "users"."id" ASC LIMIT $2[0m  [["id", 1], ["LIMIT", 1]]
  Rendering layout layouts/application.html.erb
  Rendering users/index.html.erb within layouts/application
  Rendered users/index.html.erb within layouts/application (Duration: 0.5ms | Allocations: 335)
  Rendered layout layouts/application.html.erb (Duration: 27.1ms | Allocations: 17188)
Completed 200 OK in 38ms (Views: 28.4ms | ActiveRecord: 0.3ms | Allocations: 19599)


Started DELETE "/users/sign_out" for 127.0.0.1 at 2023-05-11 20:41:48 +0300
Processing by Devise::SessionsController#destroy as TURBO_STREAM
  Parameters: {"authenticity_token"=>"[FILTERED]"}
  [1m[36mUser Load (0.7ms)[0m  [1m[34mSELECT "users".* FROM "users" WHERE "users"."id" = $1 ORDER BY "users"."id" ASC LIMIT $2[0m  [["id", 1], ["LIMIT", 1]]
Redirected to http://127.0.0.1:3000/
Completed 303 See Other in 7ms (ActiveRecord: 0.7ms | Allocations: 2846)


Started GET "/" for 127.0.0.1 at 2023-05-11 20:41:48 +0300
Processing by UsersController#index as TURBO_STREAM
Completed 401 Unauthorized in 1ms (ActiveRecord: 0.0ms | Allocations: 443)


Started GET "/users/sign_in" for 127.0.0.1 at 2023-05-11 20:41:48 +0300
Processing by Devise::SessionsController#new as TURBO_STREAM
  Rendering layout layouts/application.html.erb
  Rendering devise/sessions/new.html.erb within layouts/application
  Rendered devise/shared/_links.html.erb (Duration: 0.3ms | Allocations: 220)
  Rendered devise/sessions/new.html.erb within layouts/application (Duration: 2.3ms | Allocations: 1491)
  Rendered layout layouts/application.html.erb (Duration: 5.8ms | Allocations: 4288)
Completed 200 OK in 8ms (Views: 6.8ms | ActiveRecord: 0.0ms | Allocations: 5447)


Started POST "/users/sign_in" for 127.0.0.1 at 2023-05-11 20:41:52 +0300
Processing by Devise::SessionsController#create as TURBO_STREAM
  Parameters: {"authenticity_token"=>"[FILTERED]", "user"=>{"email"=>"new@gmail.com", "password"=>"[FILTERED]", "remember_me"=>"0"}, "commit"=>"Log in"}
  [1m[36mUser Load (0.3ms)[0m  [1m[34mSELECT "users".* FROM "users" WHERE "users"."email" = $1 ORDER BY "users"."id" ASC LIMIT $2[0m  [["email", "new@gmail.com"], ["LIMIT", 1]]
Redirected to http://127.0.0.1:3000/
Completed 303 See Other in 224ms (ActiveRecord: 0.3ms | Allocations: 2812)


Started GET "/" for 127.0.0.1 at 2023-05-11 20:41:52 +0300
Processing by UsersController#index as TURBO_STREAM
  [1m[36mUser Load (0.2ms)[0m  [1m[34mSELECT "users".* FROM "users" WHERE "users"."id" = $1 ORDER BY "users"."id" ASC LIMIT $2[0m  [["id", 1], ["LIMIT", 1]]
  Rendering layout layouts/application.html.erb
  Rendering users/index.html.erb within layouts/application
  Rendered users/index.html.erb within layouts/application (Duration: 0.3ms | Allocations: 239)
  Rendered layout layouts/application.html.erb (Duration: 3.7ms | Allocations: 2840)
Completed 200 OK in 7ms (Views: 4.0ms | ActiveRecord: 0.2ms | Allocations: 4586)


Started GET "/inventories" for 127.0.0.1 at 2023-05-11 20:41:56 +0300
Processing by InventoriesController#index as HTML
  [1m[36mUser Load (0.3ms)[0m  [1m[34mSELECT "users".* FROM "users" WHERE "users"."id" = $1 ORDER BY "users"."id" ASC LIMIT $2[0m  [["id", 1], ["LIMIT", 1]]
  Rendering layout layouts/application.html.erb
  Rendering inventories/index.html.erb within layouts/application
  [1m[36mInventory Load (16.4ms)[0m  [1m[34mSELECT "inventories".* FROM "inventories" WHERE "inventories"."user_id" IS NULL ORDER BY "inventories"."created_at" DESC[0m
  ↳ app/views/inventories/index.html.erb:3
  Rendered inventories/index.html.erb within layouts/application (Duration: 18.2ms | Allocations: 920)
  Rendered layout layouts/application.html.erb (Duration: 21.8ms | Allocations: 3772)
Completed 200 OK in 35ms (Views: 7.7ms | ActiveRecord: 18.0ms | Allocations: 7760)


Started GET "/recipes" for 127.0.0.1 at 2023-05-11 20:42:00 +0300
Processing by RecipesController#index as HTML
  [1m[36mUser Load (0.3ms)[0m  [1m[34mSELECT "users".* FROM "users" WHERE "users"."id" = $1 ORDER BY "users"."id" ASC LIMIT $2[0m  [["id", 1], ["LIMIT", 1]]
Completed 500 Internal Server Error in 11ms (ActiveRecord: 0.3ms | Allocations: 2891)


  
NoMethodError (undefined method `recipes' for nil:NilClass

    @recipes = Recipe.public_recipes.or(current_user.recipes.where(public_recipe: false))
                                                    ^^^^^^^^):
  
app/controllers/recipes_controller.rb:7:in `index'
Started GET "/recipes" for 127.0.0.1 at 2023-05-11 20:43:22 +0300
Processing by RecipesController#index as HTML
  [1m[36mUser Load (0.2ms)[0m  [1m[34mSELECT "users".* FROM "users" WHERE "users"."id" = $1 ORDER BY "users"."id" ASC LIMIT $2[0m  [["id", 1], ["LIMIT", 1]]
Redirected to http://127.0.0.1:3000/users/sign_in
Completed 302 Found in 16ms (ActiveRecord: 2.6ms | Allocations: 6312)


Started GET "/users/sign_in" for 127.0.0.1 at 2023-05-11 20:43:22 +0300
Processing by Devise::SessionsController#new as HTML
  [1m[36mUser Load (0.2ms)[0m  [1m[34mSELECT "users".* FROM "users" WHERE "users"."id" = $1 ORDER BY "users"."id" ASC LIMIT $2[0m  [["id", 1], ["LIMIT", 1]]
Redirected to http://127.0.0.1:3000/
Filter chain halted as :require_no_authentication rendered or redirected
Completed 302 Found in 3ms (ActiveRecord: 0.2ms | Allocations: 2217)


Started GET "/" for 127.0.0.1 at 2023-05-11 20:43:22 +0300
Processing by UsersController#index as HTML
  [1m[36mUser Load (0.2ms)[0m  [1m[34mSELECT "users".* FROM "users" WHERE "users"."id" = $1 ORDER BY "users"."id" ASC LIMIT $2[0m  [["id", 1], ["LIMIT", 1]]
  Rendering layout layouts/application.html.erb
  Rendering users/index.html.erb within layouts/application
  Rendered users/index.html.erb within layouts/application (Duration: 0.8ms | Allocations: 334)
  Rendered layout layouts/application.html.erb (Duration: 21.7ms | Allocations: 17168)
Completed 200 OK in 26ms (Views: 22.6ms | ActiveRecord: 0.2ms | Allocations: 19571)


Started GET "/recipes" for 127.0.0.1 at 2023-05-11 20:43:28 +0300
Processing by RecipesController#index as HTML
  [1m[36mUser Load (0.2ms)[0m  [1m[34mSELECT "users".* FROM "users" WHERE "users"."id" = $1 ORDER BY "users"."id" ASC LIMIT $2[0m  [["id", 1], ["LIMIT", 1]]
Redirected to http://127.0.0.1:3000/users/sign_in
Completed 302 Found in 3ms (ActiveRecord: 0.2ms | Allocations: 1847)


Started GET "/users/sign_in" for 127.0.0.1 at 2023-05-11 20:43:28 +0300
Processing by Devise::SessionsController#new as HTML
  [1m[36mUser Load (0.5ms)[0m  [1m[34mSELECT "users".* FROM "users" WHERE "users"."id" = $1 ORDER BY "users"."id" ASC LIMIT $2[0m  [["id", 1], ["LIMIT", 1]]
Redirected to http://127.0.0.1:3000/
Filter chain halted as :require_no_authentication rendered or redirected
Completed 302 Found in 6ms (ActiveRecord: 0.5ms | Allocations: 1694)


Started GET "/" for 127.0.0.1 at 2023-05-11 20:43:28 +0300
Processing by UsersController#index as HTML
  [1m[36mUser Load (0.2ms)[0m  [1m[34mSELECT "users".* FROM "users" WHERE "users"."id" = $1 ORDER BY "users"."id" ASC LIMIT $2[0m  [["id", 1], ["LIMIT", 1]]
  Rendering layout layouts/application.html.erb
  Rendering users/index.html.erb within layouts/application
  Rendered users/index.html.erb within layouts/application (Duration: 0.5ms | Allocations: 231)
  Rendered layout layouts/application.html.erb (Duration: 11.0ms | Allocations: 2834)
Completed 200 OK in 15ms (Views: 11.5ms | ActiveRecord: 0.2ms | Allocations: 4609)


Started GET "/" for 127.0.0.1 at 2023-05-11 20:43:46 +0300
Processing by UsersController#index as HTML
  [1m[36mUser Load (0.3ms)[0m  [1m[34mSELECT "users".* FROM "users" WHERE "users"."id" = $1 ORDER BY "users"."id" ASC LIMIT $2[0m  [["id", 1], ["LIMIT", 1]]
  Rendering layout layouts/application.html.erb
  Rendering users/index.html.erb within layouts/application
  Rendered users/index.html.erb within layouts/application (Duration: 0.5ms | Allocations: 231)
  Rendered layout layouts/application.html.erb (Duration: 4.9ms | Allocations: 2835)
Completed 200 OK in 10ms (Views: 5.5ms | ActiveRecord: 0.3ms | Allocations: 4554)


Started GET "/recipes" for 127.0.0.1 at 2023-05-11 20:43:52 +0300
Processing by RecipesController#index as HTML
  [1m[36mUser Load (0.2ms)[0m  [1m[34mSELECT "users".* FROM "users" WHERE "users"."id" = $1 ORDER BY "users"."id" ASC LIMIT $2[0m  [["id", 1], ["LIMIT", 1]]
Redirected to http://127.0.0.1:3000/users/sign_in
Completed 302 Found in 3ms (ActiveRecord: 0.2ms | Allocations: 1624)


Started GET "/users/sign_in" for 127.0.0.1 at 2023-05-11 20:43:52 +0300
Processing by Devise::SessionsController#new as HTML
  [1m[36mUser Load (0.2ms)[0m  [1m[34mSELECT "users".* FROM "users" WHERE "users"."id" = $1 ORDER BY "users"."id" ASC LIMIT $2[0m  [["id", 1], ["LIMIT", 1]]
Redirected to http://127.0.0.1:3000/
Filter chain halted as :require_no_authentication rendered or redirected
Completed 302 Found in 3ms (ActiveRecord: 0.2ms | Allocations: 1673)


Started GET "/" for 127.0.0.1 at 2023-05-11 20:43:52 +0300
Processing by UsersController#index as HTML
  [1m[36mUser Load (0.4ms)[0m  [1m[34mSELECT "users".* FROM "users" WHERE "users"."id" = $1 ORDER BY "users"."id" ASC LIMIT $2[0m  [["id", 1], ["LIMIT", 1]]
  Rendering layout layouts/application.html.erb
  Rendering users/index.html.erb within layouts/application
  Rendered users/index.html.erb within layouts/application (Duration: 0.4ms | Allocations: 231)
  Rendered layout layouts/application.html.erb (Duration: 10.9ms | Allocations: 2833)
Completed 200 OK in 16ms (Views: 11.5ms | ActiveRecord: 0.4ms | Allocations: 4613)


Started GET "/" for 127.0.0.1 at 2023-05-11 20:44:06 +0300
Processing by UsersController#index as HTML
  [1m[36mUser Load (0.2ms)[0m  [1m[34mSELECT "users".* FROM "users" WHERE "users"."id" = $1 ORDER BY "users"."id" ASC LIMIT $2[0m  [["id", 1], ["LIMIT", 1]]
  Rendering layout layouts/application.html.erb
  Rendering users/index.html.erb within layouts/application
  Rendered users/index.html.erb within layouts/application (Duration: 0.4ms | Allocations: 335)
  Rendered layout layouts/application.html.erb (Duration: 13.2ms | Allocations: 17151)
Completed 200 OK in 27ms (Views: 14.2ms | ActiveRecord: 3.2ms | Allocations: 23792)


Started GET "/recipes" for 127.0.0.1 at 2023-05-11 20:44:20 +0300
Processing by RecipesController#index as HTML
  [1m[36mUser Load (0.3ms)[0m  [1m[34mSELECT "users".* FROM "users" WHERE "users"."id" = $1 ORDER BY "users"."id" ASC LIMIT $2[0m  [["id", 1], ["LIMIT", 1]]
Completed 500 Internal Server Error in 5ms (ActiveRecord: 0.3ms | Allocations: 3055)


  
NoMethodError (undefined method `recipes' for nil:NilClass

      @recipes = @current_user.recipes
                              ^^^^^^^^):
  
app/controllers/recipes_controller.rb:7:in `index'
